<?xml version="1.0" encoding="UTF-8"?>
<!-- Generated by org.testng.reporters.JUnitReportReporter -->
<testsuite hostname="LAPTOP-LCHHF3S6" failures="0" tests="1" name="TestPackage.mainbodytest" time="0.012" errors="0" timestamp="2021-10-02T16:52:09 EDT" skipped="0">
  <testcase classname="TestPackage.mainbodytest" name="Mainbodytest" time="0.012"/>
  <system-out/>
</testsuite> <!-- TestPackage.mainbodytest -->
